"temp_center-rfile"
"Time Step" "temp_center etc.."
("Time Step" "temp_center" "flow-time")
26 697.0421337347651 0.26
27 707.3139297159494 0.27
28 714.9088193673419 0.28
29 720.1648651201068 0.29
30 723.739053329503 0.3
31 726.165028369865 0.31
32 727.8165090466978 0.32
33 728.945488968746 0.33
34 729.7207859422629 0.34
35 730.2557452478434 0.35
36 730.6267641798418 0.36
37 730.8855291717608 0.37
38 731.0671277851086 0.38
39 731.1954573211419 0.39
40 731.2868478737089 0.4
41 731.3524976875677 0.41
42 731.4001145549306 0.42
43 731.4350248750848 0.43
44 731.460925061181 0.44
45 731.4803920465566 0.45
46 731.4952310717397 0.46
47 731.5067133931134 0.47
48 731.5157390790301 0.48
49 731.5229499187843 0.49
50 731.5288050219701 0.5
51 731.5336367046131 0.51
52 731.5376862494107 0.52
53 731.5411305729264 0.53
54 731.5441004955311 0.54
55 731.546693629751 0.55
56 731.5489835135339 0.5600000000000001
57 731.5510261159372 0.5700000000000001
58 731.5528644939794 0.5800000000000001
59 731.5545321426339 0.5900000000000001
60 731.556055419586 0.6000000000000001
61 731.5574553083848 0.61
62 731.5587487102741 0.62
63 731.5599493955949 0.63
64 731.5610687083835 0.64
65 731.5621160926077 0.65
66 731.5630994867608 0.66
67 731.5640256238562 0.6699999999999999
68 731.5649002603149 0.6799999999999999
69 731.5657283531042 0.6899999999999999
70 731.5665141975672 0.7
71 731.5672615373286 0.71
72 731.5679736522185 0.72
73 731.5686534294074 0.73
74 731.5693034218297 0.74
75 731.5699258967564 0.75
76 731.5705228764645 0.76
77 731.5710961725091 0.77
78 731.5716474143677 0.78
79 731.5721780655097 0.79
80 731.5726894526284 0.8
81 731.5731827844827 0.8100000000000001
82 731.5736591660764 0.8200000000000001
83 731.574119611055 0.83
84 731.5745651586907 0.84
85 731.5749967592218 0.85
86 731.5754152739079 0.86
87 731.5758214862932 0.87
88 731.5762161036564 0.88
89 731.5765998419911 0.89
90 731.576973343742 0.9
91 731.5773371815123 0.91
92 731.5776918706297 0.92
93 731.5780378753011 0.93
94 731.5783756132822 0.9400000000000001
95 731.5787054614253 0.9500000000000001
96 731.5790278173156 0.96
97 731.5793430452754 0.97
98 731.5796514755945 0.98
99 731.5799534153549 0.99
100 731.5802491486752 1
101 731.5805389362359 1.01
102 731.5808230162717 1.02
103 731.5811016068421 1.03
104 731.5813749087553 1.04
105 731.5816431453044 1.05
106 731.581906525927 1.06
107 731.5821652414953 1.07
108 731.5824194726362 1.08
109 731.5826693896446 1.09
110 731.5829151511251 1.1
111 731.5831569033335 1.11
112 731.5833947806146 1.12
113 731.5836289065929 1.13
114 731.5838593956711 1.14
115 731.5840863538598 1.15
116 731.5843098804852 1.16
117 731.5845300697151 1.17
118 731.5847470333312 1.18
119 731.5849608804956 1.19
120 731.5851717104181 1.2
121 731.5853796188605 1.21
122 731.5855846984366 1.22
123 731.5857870374408 1.23
124 731.5859867188327 1.24
125 731.5861838198082 1.25
126 731.5863784145444 1.26
127 731.5865705727687 1.27
128 731.5867603592915 1.28
129 731.5869478351349 1.29
130 731.5871330579541 1.3
131 731.587316082297 1.31
132 731.587496959786 1.32
133 731.5876757394319 1.33
134 731.587852467908 1.34
135 731.5880271898262 1.35
136 731.5881999480011 1.36
137 731.5883707836814 1.37
138 731.5885397367438 1.38
139 731.5887068458505 1.39
140 731.5888721485745 1.4
141 731.5890356814949 1.41
142 731.5891974802628 1.42
143 731.5893575890778 1.43
144 731.5895160554722 1.44
145 731.5896729211445 1.45
146 731.5898282266043 1.46
147 731.5899820118367 1.47
148 731.5901343159006 1.48
149 731.5902851763452 1.49
150 731.5904346287407 1.5
151 731.5905827064462 1.51
152 731.5907294404484 1.52
153 731.5908748594429 1.53
154 731.591018990028 1.54
155 731.5911618569555 1.55
156 731.5913034833923 1.56
157 731.5914438911603 1.57
158 731.5915831009758 1.58
159 731.5917211326285 1.59
160 731.5918580051259 1.6
161 731.5919937368341 1.61
162 731.5921283455724 1.62
163 731.5922618486821 1.63
164 731.5923942630955 1.64
165 731.5925256053819 1.65
166 731.5926558917846 1.66
167 731.5927851382404 1.67
168 731.5929133604099 1.68
169 731.5930405736777 1.69
170 731.5931667931803 1.7
171 731.5932920338087 1.71
172 731.5934163102135 1.72
173 731.5935396371979 1.73
174 731.5936620295355 1.74
175 731.5937835018825 1.75
176 731.5939040687991 1.76
177 731.594023744708 1.77
178 731.594142543799 1.78
179 731.5942604799843 1.79
180 731.5943775668426 1.8
181 731.5944938176043 1.81
182 731.5946092451289 1.82
183 731.5947238619201 1.83
184 731.5948376801256 1.84
185 731.5949507115621 1.85
186 731.5950629677239 1.86
187 731.5951744598175 1.87
188 731.5952851987689 1.88
189 731.5953951952381 1.89
190 731.5955044596376 1.9
191 731.595613002148 1.91
192 731.5957208327258 1.92
193 731.5958279611204 1.93
194 731.5959343968777 1.94
195 731.5960401493493 1.95
196 731.5961452277069 1.96
197 731.5962496409364 1.97
198 731.5963533982388 1.98
199 731.5964565153384 1.99
200 731.5965590037858 2
201 731.5966608746107 2.01
202 731.596762138807 2.02
203 731.5968628073739 2.03
204 731.5969628911724 2.04
205 731.5970624007937 2.05
206 731.5971613464078 2.06
207 731.597259737697 2.07
208 731.597357583822 2.08
209 731.5974548934146 2.09
210 731.5975516745866 2.1
211 731.597647934953 2.11
212 731.5977436816773 2.12
213 731.5978389215003 2.13
214 731.597933660785 2.14
215 731.5980279055657 2.15
216 731.5981216615523 2.16
217 731.5982149342086 2.17
218 731.5983077287602 2.18
219 731.598400050221 2.19
220 731.59849190342 2.2
221 731.5985832930331 2.21
222 731.5986742235906 2.22
223 731.5987646994978 2.23
224 731.598854725041 2.24
225 731.5989443044219 2.25
