"temperatur_thermolelemente-rfile"
"Time Step" "temperatur_thermolelemente etc.."
("Time Step" "temperatur_thermolelemente(thermoelement.1)" "temperatur_thermolelemente(thermoelement.2)" "flow-time")
0 632.9999999999999 633.0000000000002 0
1 632.9999999999999 633.0000000000001 0.01
2 632.9999999999999 633.0000000000001 0.02
3 632.9999999999999 633.0000000000001 0.03
4 632.9999999999999 633.0000000000001 0.04
5 632.9999999999999 633.0000000000001 0.05
6 632.9999999999999 633.0000000000001 0.06
7 632.9999999999999 633.0000000000002 0.07000000000000001
8 632.9999999999999 633.0000000000002 0.08
9 632.9999999999999 633.0000000000002 0.09
10 632.9999999999999 633.0000000000002 0.1
11 632.9999999999999 633.0000000000002 0.11
12 632.9999999999999 633.0000000000002 0.12
13 632.9999999999999 633.0000000000002 0.13
14 632.9999999999999 633.0000000000002 0.14
15 632.9999999999999 633.0000000000002 0.15
16 632.9999999999999 633.0000000000002 0.16
17 632.9999999999999 633.0000000000002 0.17
18 632.9999999999999 633.0000000000002 0.18
19 632.9999999999999 633.0000000000002 0.19
20 633.0000000000003 633.0000000000002 0.2
21 633.0000000000068 633.0000000000002 0.21
22 633.0000000000074 632.9999999999978 0.22
23 633.0000000004574 632.9999999997692 0.23
24 632.9999999985952 632.9999999970223 0.24
25 633.0000000043974 633.0000000028874 0.25
