"temp_center-rfile"
"Time Step" "temp_center etc.."
("Time Step" "temp_center" "flow-time")
0 633 0
1 633 0.01
2 633 0.02
3 633 0.03
4 633 0.04
5 633 0.05
6 633 0.06
7 633 0.07000000000000001
8 633.0000000000001 0.08
9 633.0000000000617 0.09
10 633.0000000393314 0.1
11 633.043185317111 0.11
12 636.5172050056289 0.12
13 641.1963919776405 0.13
14 646.0629221366652 0.14
15 650.7899578117015 0.15
16 655.2885790758967 0.16
17 659.5433116983953 0.17
18 663.5603006444484 0.18
19 667.3515355520366 0.19
20 670.9300874789304 0.2
21 674.3086899072628 0.21
22 677.499393231281 0.22
23 680.513339818954 0.23
24 683.3609163403622 0.24
25 686.0518728519828 0.25
